#
# There is insufficient memory for the Java Runtime Environment to continue.
# Native memory allocation (malloc) failed to allocate 231616 bytes for Chunk::new
# Possible reasons:
#   The system is out of physical RAM or swap space
#   The process is running with CompressedOops enabled, and the Java Heap may be blocking the growth of the native heap
# Possible solutions:
#   Reduce memory load on the system
#   Increase physical memory or swap space
#   Check if swap backing store is full
#   Decrease Java heap size (-Xmx/-Xms)
#   Decrease number of Java threads
#   Decrease Java thread stack sizes (-Xss)
#   Set larger code cache with -XX:ReservedCodeCacheSize=
#   JVM is running with Unscaled Compressed Oops mode in which the Java heap is
#     placed in the first 4GB address space. The Java Heap base address is the
#     maximum limit for the native heap growth. Please use -XX:HeapBaseMinAddress
#     to set the Java Heap base and to place the Java Heap above 4GB virtual address.
# This output file may be truncated or incomplete.
#
#  Out of Memory Error (arena.cpp:189), pid=9844, tid=38716
#
# JRE version: Java(TM) SE Runtime Environment (17.0+35) (build 17+35-LTS-2724)
# Java VM: Java HotSpot(TM) 64-Bit Server VM (17+35-LTS-2724, mixed mode, sharing, tiered, compressed oops, compressed class ptrs, g1 gc, windows-amd64)
# No core dump will be written. Minidumps are not enabled by default on client versions of Windows
#

---------------  S U M M A R Y ------------

Command Line: -Dfile.encoding=UTF-8 -XX:+ShowCodeDetailsInExceptionMessages rough.Test

Host: AMD Ryzen 5 Microsoft Surface (R) Edition, 12 cores, 7G,  Windows 10 , 64 bit Build 19041 (10.0.19041.3031)
Time: Wed Jun 28 21:46:17 2023 AUS Eastern Standard Time elapsed time: 3.286689 seconds (0d 0h 0m 3s)

---------------  T H R E A D  ---------------

Current thread (0x000001a8a2793620):  JavaThread "C2 CompilerThread0" daemon [_thread_in_native, id=38716, stack(0x000000a733600000,0x000000a733700000)]


Current CompileTask:
C2:   3286 1944       4       jdk.internal.org.objectweb.asm.SymbolTable::addConstantUtf8 (98 bytes)

Stack: [0x000000a733600000,0x000000a733700000]
Native frames: (J=compiled Java code, j=interpreted, Vv=VM code, C=native code)
V  [jvm.dll+0x66f8ea]
V  [jvm.dll+0x7ce224]
V  [jvm.dll+0x7cf9ce]
V  [jvm.dll+0x7d0033]
V  [jvm.dll+0x242bb5]
V  [jvm.dll+0xaa05b]
V  [jvm.dll+0xaa5ec]
V  [jvm.dll+0x2a954f]
V  [jvm.dll+0x5784b9]
V  [jvm.dll+0x21de2d]
V  [jvm.dll+0x217875]
V  [jvm.dll+0x214fb5]
V  [jvm.dll+0x1a168d]
V  [jvm.dll+0x2248f8]
V  [jvm.dll+0x222a5c]
V  [jvm.dll+0x78422b]
V  [jvm.dll+0x77e7ea]
V  [jvm.dll+0x66e715]
C  [ucrtbase.dll+0x21bb2]
C  [KERNEL32.DLL+0x17614]
C  [ntdll.dll+0x526f1]


---------------  P R O C E S S  ---------------

Threads class SMR info:
_java_thread_list=0x000001a8a4b3e830, length=17, elements={
0x000001a8a2772c90, 0x000001a8a27739d0, 0x000001a8a27834f0, 0x000001a8a2784dc0,
0x000001a8a2785840, 0x000001a8a27918a0, 0x000001a8a2793620, 0x000001a8a2794fe0,
0x000001a8a27a80b0, 0x000001a8a34b6bd0, 0x000001a8a34e8f00, 0x000001a8a44fdb50,
0x000001a8a4829a20, 0x000001a8a4c52920, 0x000001a8a49f8ae0, 0x000001a8a4c37a90,
0x000001a8a4c345a0
}

Java Threads: ( => current thread )
  0x000001a8a2772c90 JavaThread "Reference Handler" daemon [_thread_blocked, id=16440, stack(0x000000a733000000,0x000000a733100000)]
  0x000001a8a27739d0 JavaThread "Finalizer" daemon [_thread_blocked, id=40120, stack(0x000000a733100000,0x000000a733200000)]
  0x000001a8a27834f0 JavaThread "Signal Dispatcher" daemon [_thread_blocked, id=13072, stack(0x000000a733200000,0x000000a733300000)]
  0x000001a8a2784dc0 JavaThread "Attach Listener" daemon [_thread_blocked, id=32020, stack(0x000000a733300000,0x000000a733400000)]
  0x000001a8a2785840 JavaThread "Service Thread" daemon [_thread_blocked, id=47844, stack(0x000000a733400000,0x000000a733500000)]
  0x000001a8a27918a0 JavaThread "Monitor Deflation Thread" daemon [_thread_blocked, id=28728, stack(0x000000a733500000,0x000000a733600000)]
=>0x000001a8a2793620 JavaThread "C2 CompilerThread0" daemon [_thread_in_native, id=38716, stack(0x000000a733600000,0x000000a733700000)]
  0x000001a8a2794fe0 JavaThread "C1 CompilerThread0" daemon [_thread_blocked, id=20000, stack(0x000000a733700000,0x000000a733800000)]
  0x000001a8a27a80b0 JavaThread "Sweeper thread" daemon [_thread_blocked, id=12144, stack(0x000000a733800000,0x000000a733900000)]
  0x000001a8a34b6bd0 JavaThread "Notification Thread" daemon [_thread_blocked, id=45972, stack(0x000000a733900000,0x000000a733a00000)]
  0x000001a8a34e8f00 JavaThread "Common-Cleaner" daemon [_thread_blocked, id=33892, stack(0x000000a733b00000,0x000000a733c00000)]
  0x000001a8a44fdb50 JavaThread "ForkJoinPool.commonPool-worker-1" daemon [_thread_blocked, id=32420, stack(0x000000a734200000,0x000000a734300000)]
  0x000001a8a4829a20 JavaThread "AsyncHttpClient-1-1" daemon [_thread_blocked, id=37376, stack(0x000000a734700000,0x000000a734800000)]
  0x000001a8a4c52920 JavaThread "Driver Service Executor" daemon [_thread_blocked, id=36656, stack(0x000000a734a00000,0x000000a734b00000)]
  0x000001a8a49f8ae0 JavaThread "Driver Service Executor" daemon [_thread_blocked, id=44640, stack(0x000000a734b00000,0x000000a734c00000)]
  0x000001a8a4c37a90 JavaThread "UrlChecker-2" daemon [_thread_blocked, id=43568, stack(0x000000a734c00000,0x000000a734d00000)]
  0x000001a8a4c345a0 JavaThread "DestroyJavaVM" [_thread_blocked, id=37784, stack(0x000000a732900000,0x000000a732a00000)]

Other Threads:
  0x000001a8a27693e0 VMThread "VM Thread" [stack: 0x000000a732f00000,0x000000a733000000] [id=39748]
  0x000001a8a34d90c0 WatcherThread [stack: 0x000000a733a00000,0x000000a733b00000] [id=19996]
  0x000001a8827efd70 GCTaskThread "GC Thread#0" [stack: 0x000000a732a00000,0x000000a732b00000] [id=16044]
  0x000001a8a3c03180 GCTaskThread "GC Thread#1" [stack: 0x000000a733d00000,0x000000a733e00000] [id=47228]
  0x000001a8a3b5c8c0 GCTaskThread "GC Thread#2" [stack: 0x000000a733e00000,0x000000a733f00000] [id=14816]
  0x000001a8a3b5cb70 GCTaskThread "GC Thread#3" [stack: 0x000000a733f00000,0x000000a734000000] [id=40928]
  0x000001a8a3d20d80 GCTaskThread "GC Thread#4" [stack: 0x000000a734000000,0x000000a734100000] [id=34800]
  0x000001a8a3d21030 GCTaskThread "GC Thread#5" [stack: 0x000000a734100000,0x000000a734200000] [id=22612]
  0x000001a8a4c6ad50 GCTaskThread "GC Thread#6" [stack: 0x000000a734300000,0x000000a734400000] [id=12128]
  0x000001a8a4a49980 GCTaskThread "GC Thread#7" [stack: 0x000000a734400000,0x000000a734500000] [id=47368]
  0x000001a8a448a230 GCTaskThread "GC Thread#8" [stack: 0x000000a734500000,0x000000a734600000] [id=37620]
  0x000001a8a448a8f0 GCTaskThread "GC Thread#9" [stack: 0x000000a734600000,0x000000a734700000] [id=44660]
  0x000001a8828033d0 ConcurrentGCThread "G1 Main Marker" [stack: 0x000000a732b00000,0x000000a732c00000] [id=43324]
  0x000001a882803de0 ConcurrentGCThread "G1 Conc#0" [stack: 0x000000a732c00000,0x000000a732d00000] [id=27216]
  0x000001a8a26320b0 ConcurrentGCThread "G1 Refine#0" [stack: 0x000000a732d00000,0x000000a732e00000] [id=37660]
  0x000001a8a2632ad0 ConcurrentGCThread "G1 Service" [stack: 0x000000a732e00000,0x000000a732f00000] [id=27696]

Threads with active compile tasks:
C2 CompilerThread0     3350 1944       4       jdk.internal.org.objectweb.asm.SymbolTable::addConstantUtf8 (98 bytes)

VM state: not at safepoint (normal execution)

VM Mutex/Monitor currently owned by a thread: None

Heap address: 0x0000000088c00000, size: 1908 MB, Compressed Oops mode: 32-bit

CDS archive(s) mapped at: [0x0000000800000000-0x0000000800bc0000-0x0000000800bc0000), size 12320768, SharedBaseAddress: 0x0000000800000000, ArchiveRelocationMode: 0.
Compressed class space mapped at: 0x0000000800c00000-0x0000000840c00000, reserved size: 1073741824
Narrow klass base: 0x0000000800000000, Narrow klass shift: 0, Narrow klass range: 0x100000000

GC Precious Log:
 CPUs: 12 total, 12 available
 Memory: 7631M
 Large Page Support: Disabled
 NUMA Support: Disabled
 Compressed Oops: Enabled (32-bit)
 Heap Region Size: 1M
 Heap Min Capacity: 8M
 Heap Initial Capacity: 120M
 Heap Max Capacity: 1908M
 Pre-touch: Disabled
 Parallel Workers: 10
 Concurrent Workers: 3
 Concurrent Refinement Workers: 10
 Periodic GC: Disabled

Heap:
 garbage-first heap   total 122880K, used 42763K [0x0000000088c00000, 0x0000000100000000)
  region size 1024K, 35 young (35840K), 4 survivors (4096K)
 Metaspace       used 17835K, committed 18048K, reserved 1064960K
  class space    used 2133K, committed 2240K, reserved 1048576K

Heap Regions: E=young(eden), S=young(survivor), O=old, HS=humongous(starts), HC=humongous(continues), CS=collection set, F=free, OA=open archive, CA=closed archive, TAMS=top-at-mark-start (previous, next)
|   0|0x0000000088c00000, 0x0000000088d00000, 0x0000000088d00000|100%|HS|  |TAMS 0x0000000088c00000, 0x0000000088c00000| Complete 
|   1|0x0000000088d00000, 0x0000000088e00000, 0x0000000088e00000|100%| O|  |TAMS 0x0000000088d00000, 0x0000000088d00000| Untracked 
|   2|0x0000000088e00000, 0x0000000088f00000, 0x0000000088f00000|100%| O|  |TAMS 0x0000000088e00000, 0x0000000088e00000| Untracked 
|   3|0x0000000088f00000, 0x0000000089000000, 0x0000000089000000|100%| O|  |TAMS 0x0000000088f00000, 0x0000000088f00000| Untracked 
|   4|0x0000000089000000, 0x0000000089100000, 0x0000000089100000|100%| O|  |TAMS 0x0000000089000000, 0x0000000089000000| Untracked 
|   5|0x0000000089100000, 0x0000000089200000, 0x0000000089200000|100%| O|  |TAMS 0x0000000089100000, 0x0000000089100000| Untracked 
|   6|0x0000000089200000, 0x0000000089300000, 0x0000000089300000|100%| O|  |TAMS 0x0000000089200000, 0x0000000089200000| Untracked 
|   7|0x0000000089300000, 0x0000000089400000, 0x0000000089400000|100%| O|  |TAMS 0x0000000089300000, 0x0000000089300000| Untracked 
|   8|0x0000000089400000, 0x000000008942dc00, 0x0000000089500000| 17%| O|  |TAMS 0x0000000089400000, 0x0000000089400000| Untracked 
|   9|0x0000000089500000, 0x0000000089500000, 0x0000000089600000|  0%| F|  |TAMS 0x0000000089500000, 0x0000000089500000| Untracked 
|  10|0x0000000089600000, 0x0000000089600000, 0x0000000089700000|  0%| F|  |TAMS 0x0000000089600000, 0x0000000089600000| Untracked 
|  11|0x0000000089700000, 0x0000000089700000, 0x0000000089800000|  0%| F|  |TAMS 0x0000000089700000, 0x0000000089700000| Untracked 
|  12|0x0000000089800000, 0x0000000089800000, 0x0000000089900000|  0%| F|  |TAMS 0x0000000089800000, 0x0000000089800000| Untracked 
|  13|0x0000000089900000, 0x0000000089900000, 0x0000000089a00000|  0%| F|  |TAMS 0x0000000089900000, 0x0000000089900000| Untracked 
|  14|0x0000000089a00000, 0x0000000089a00000, 0x0000000089b00000|  0%| F|  |TAMS 0x0000000089a00000, 0x0000000089a00000| Untracked 
|  15|0x0000000089b00000, 0x0000000089b00000, 0x0000000089c00000|  0%| F|  |TAMS 0x0000000089b00000, 0x0000000089b00000| Untracked 
|  16|0x0000000089c00000, 0x0000000089c00000, 0x0000000089d00000|  0%| F|  |TAMS 0x0000000089c00000, 0x0000000089c00000| Untracked 
|  17|0x0000000089d00000, 0x0000000089d00000, 0x0000000089e00000|  0%| F|  |TAMS 0x0000000089d00000, 0x0000000089d00000| Untracked 
|  18|0x0000000089e00000, 0x0000000089e00000, 0x0000000089f00000|  0%| F|  |TAMS 0x0000000089e00000, 0x0000000089e00000| Untracked 
|  19|0x0000000089f00000, 0x0000000089f00000, 0x000000008a000000|  0%| F|  |TAMS 0x0000000089f00000, 0x0000000089f00000| Untracked 
|  20|0x000000008a000000, 0x000000008a000000, 0x000000008a100000|  0%| F|  |TAMS 0x000000008a000000, 0x000000008a000000| Untracked 
|  21|0x000000008a100000, 0x000000008a100000, 0x000000008a200000|  0%| F|  |TAMS 0x000000008a100000, 0x000000008a100000| Untracked 
|  22|0x000000008a200000, 0x000000008a200000, 0x000000008a300000|  0%| F|  |TAMS 0x000000008a200000, 0x000000008a200000| Untracked 
|  23|0x000000008a300000, 0x000000008a300000, 0x000000008a400000|  0%| F|  |TAMS 0x000000008a300000, 0x000000008a300000| Untracked 
|  24|0x000000008a400000, 0x000000008a400000, 0x000000008a500000|  0%| F|  |TAMS 0x000000008a400000, 0x000000008a400000| Untracked 
|  25|0x000000008a500000, 0x000000008a500000, 0x000000008a600000|  0%| F|  |TAMS 0x000000008a500000, 0x000000008a500000| Untracked 
|  26|0x000000008a600000, 0x000000008a600000, 0x000000008a700000|  0%| F|  |TAMS 0x000000008a600000, 0x000000008a600000| Untracked 
|  27|0x000000008a700000, 0x000000008a700000, 0x000000008a800000|  0%| F|  |TAMS 0x000000008a700000, 0x000000008a700000| Untracked 
|  28|0x000000008a800000, 0x000000008a800000, 0x000000008a900000|  0%| F|  |TAMS 0x000000008a800000, 0x000000008a800000| Untracked 
|  29|0x000000008a900000, 0x000000008a900000, 0x000000008aa00000|  0%| F|  |TAMS 0x000000008a900000, 0x000000008a900000| Untracked 
|  30|0x000000008aa00000, 0x000000008aa00000, 0x000000008ab00000|  0%| F|  |TAMS 0x000000008aa00000, 0x000000008aa00000| Untracked 
|  31|0x000000008ab00000, 0x000000008ab00000, 0x000000008ac00000|  0%| F|  |TAMS 0x000000008ab00000, 0x000000008ab00000| Untracked 
|  32|0x000000008ac00000, 0x000000008ac00000, 0x000000008ad00000|  0%| F|  |TAMS 0x000000008ac00000, 0x000000008ac00000| Untracked 
|  33|0x000000008ad00000, 0x000000008ad00000, 0x000000008ae00000|  0%| F|  |TAMS 0x000000008ad00000, 0x000000008ad00000| Untracked 
|  34|0x000000008ae00000, 0x000000008ae00000, 0x000000008af00000|  0%| F|  |TAMS 0x000000008ae00000, 0x000000008ae00000| Untracked 
|  35|0x000000008af00000, 0x000000008af00000, 0x000000008b000000|  0%| F|  |TAMS 0x000000008af00000, 0x000000008af00000| Untracked 
|  36|0x000000008b000000, 0x000000008b000000, 0x000000008b100000|  0%| F|  |TAMS 0x000000008b000000, 0x000000008b000000| Untracked 
|  37|0x000000008b100000, 0x000000008b100000, 0x000000008b200000|  0%| F|  |TAMS 0x000000008b100000, 0x000000008b100000| Untracked 
|  38|0x000000008b200000, 0x000000008b200000, 0x000000008b300000|  0%| F|  |TAMS 0x000000008b200000, 0x000000008b200000| Untracked 
|  39|0x000000008b300000, 0x000000008b300000, 0x000000008b400000|  0%| F|  |TAMS 0x000000008b300000, 0x000000008b300000| Untracked 
|  40|0x000000008b400000, 0x000000008b400000, 0x000000008b500000|  0%| F|  |TAMS 0x000000008b400000, 0x000000008b400000| Untracked 
|  41|0x000000008b500000, 0x000000008b500000, 0x000000008b600000|  0%| F|  |TAMS 0x000000008b500000, 0x000000008b500000| Untracked 
|  42|0x000000008b600000, 0x000000008b600000, 0x000000008b700000|  0%| F|  |TAMS 0x000000008b600000, 0x000000008b600000| Untracked 
|  43|0x000000008b700000, 0x000000008b700000, 0x000000008b800000|  0%| F|  |TAMS 0x000000008b700000, 0x000000008b700000| Untracked 
|  44|0x000000008b800000, 0x000000008b800000, 0x000000008b900000|  0%| F|  |TAMS 0x000000008b800000, 0x000000008b800000| Untracked 
|  45|0x000000008b900000, 0x000000008b900000, 0x000000008ba00000|  0%| F|  |TAMS 0x000000008b900000, 0x000000008b900000| Untracked 
|  46|0x000000008ba00000, 0x000000008ba00000, 0x000000008bb00000|  0%| F|  |TAMS 0x000000008ba00000, 0x000000008ba00000| Untracked 
|  47|0x000000008bb00000, 0x000000008bb00000, 0x000000008bc00000|  0%| F|  |TAMS 0x000000008bb00000, 0x000000008bb00000| Untracked 
|  48|0x000000008bc00000, 0x000000008bc00000, 0x000000008bd00000|  0%| F|  |TAMS 0x000000008bc00000, 0x000000008bc00000| Untracked 
|  49|0x000000008bd00000, 0x000000008bd00000, 0x000000008be00000|  0%| F|  |TAMS 0x000000008bd00000, 0x000000008bd00000| Untracked 
|  50|0x000000008be00000, 0x000000008be00000, 0x000000008bf00000|  0%| F|  |TAMS 0x000000008be00000, 0x000000008be00000| Untracked 
|  51|0x000000008bf00000, 0x000000008bf00000, 0x000000008c000000|  0%| F|  |TAMS 0x000000008bf00000, 0x000000008bf00000| Untracked 
|  52|0x000000008c000000, 0x000000008c000000, 0x000000008c100000|  0%| F|  |TAMS 0x000000008c000000, 0x000000008c000000| Untracked 
|  53|0x000000008c100000, 0x000000008c100000, 0x000000008c200000|  0%| F|  |TAMS 0x000000008c100000, 0x000000008c100000| Untracked 
|  54|0x000000008c200000, 0x000000008c200000, 0x000000008c300000|  0%| F|  |TAMS 0x000000008c200000, 0x000000008c200000| Untracked 
|  55|0x000000008c300000, 0x000000008c300000, 0x000000008c400000|  0%| F|  |TAMS 0x000000008c300000, 0x000000008c300000| Untracked 
|  56|0x000000008c400000, 0x000000008c400000, 0x000000008c500000|  0%| F|  |TAMS 0x000000008c400000, 0x000000008c400000| Untracked 
|  57|0x000000008c500000, 0x000000008c500000, 0x000000008c600000|  0%| F|  |TAMS 0x000000008c500000, 0x000000008c500000| Untracked 
|  58|0x000000008c600000, 0x000000008c600000, 0x000000008c700000|  0%| F|  |TAMS 0x000000008c600000, 0x000000008c600000| Untracked 
|  59|0x000000008c700000, 0x000000008c700000, 0x000000008c800000|  0%| F|  |TAMS 0x000000008c700000, 0x000000008c700000| Untracked 
|  60|0x000000008c800000, 0x000000008c800000, 0x000000008c900000|  0%| F|  |TAMS 0x000000008c800000, 0x000000008c800000| Untracked 
|  61|0x000000008c900000, 0x000000008c900000, 0x000000008ca00000|  0%| F|  |TAMS 0x000000008c900000, 0x000000008c900000| Untracked 
|  62|0x000000008ca00000, 0x000000008ca00000, 0x000000008cb00000|  0%| F|  |TAMS 0x000000008ca00000, 0x000000008ca00000| Untracked 
|  63|0x000000008cb00000, 0x000000008cb00000, 0x000000008cc00000|  0%| F|  |TAMS 0x000000008cb00000, 0x000000008cb00000| Untracked 
|  64|0x000000008cc00000, 0x000000008cc00000, 0x000000008cd00000|  0%| F|  |TAMS 0x000000008cc00000, 0x000000008cc00000| Untracked 
|  65|0x000000008cd00000, 0x000000008cd00000, 0x000000008ce00000|  0%| F|  |TAMS 0x000000008cd00000, 0x000000008cd00000| Untracked 
|  66|0x000000008ce00000, 0x000000008ce00000, 0x000000008cf00000|  0%| F|  |TAMS 0x000000008ce00000, 0x000000008ce00000| Untracked 
|  67|0x000000008cf00000, 0x000000008cf00000, 0x000000008d000000|  0%| F|  |TAMS 0x000000008cf00000, 0x000000008cf00000| Untracked 
|  68|0x000000008d000000, 0x000000008d000000, 0x000000008d100000|  0%| F|  |TAMS 0x000000008d000000, 0x000000008d000000| Untracked 
|  69|0x000000008d100000, 0x000000008d100000, 0x000000008d200000|  0%| F|  |TAMS 0x000000008d100000, 0x000000008d100000| Untracked 
|  70|0x000000008d200000, 0x000000008d200000, 0x000000008d300000|  0%| F|  |TAMS 0x000000008d200000, 0x000000008d200000| Untracked 
|  71|0x000000008d300000, 0x000000008d300000, 0x000000008d400000|  0%| F|  |TAMS 0x000000008d300000, 0x000000008d300000| Untracked 
|  72|0x000000008d400000, 0x000000008d400000, 0x000000008d500000|  0%| F|  |TAMS 0x000000008d400000, 0x000000008d400000| Untracked 
|  73|0x000000008d500000, 0x000000008d500000, 0x000000008d600000|  0%| F|  |TAMS 0x000000008d500000, 0x000000008d500000| Untracked 
|  74|0x000000008d600000, 0x000000008d600000, 0x000000008d700000|  0%| F|  |TAMS 0x000000008d600000, 0x000000008d600000| Untracked 
|  75|0x000000008d700000, 0x000000008d700000, 0x000000008d800000|  0%| F|  |TAMS 0x000000008d700000, 0x000000008d700000| Untracked 
|  76|0x000000008d800000, 0x000000008d800000, 0x000000008d900000|  0%| F|  |TAMS 0x000000008d800000, 0x000000008d800000| Untracked 
|  77|0x000000008d900000, 0x000000008d900000, 0x000000008da00000|  0%| F|  |TAMS 0x000000008d900000, 0x000000008d900000| Untracked 
|  78|0x000000008da00000, 0x000000008da00000, 0x000000008db00000|  0%| F|  |TAMS 0x000000008da00000, 0x000000008da00000| Untracked 
|  79|0x000000008db00000, 0x000000008db00000, 0x000000008dc00000|  0%| F|  |TAMS 0x000000008db00000, 0x000000008db00000| Untracked 
|  80|0x000000008dc00000, 0x000000008dc00000, 0x000000008dd00000|  0%| F|  |TAMS 0x000000008dc00000, 0x000000008dc00000| Untracked 
|  81|0x000000008dd00000, 0x000000008dd00000, 0x000000008de00000|  0%| F|  |TAMS 0x000000008dd00000, 0x000000008dd00000| Untracked 
|  82|0x000000008de00000, 0x000000008de00000, 0x000000008df00000|  0%| F|  |TAMS 0x000000008de00000, 0x000000008de00000| Untracked 
|  83|0x000000008df00000, 0x000000008df00000, 0x000000008e000000|  0%| F|  |TAMS 0x000000008df00000, 0x000000008df00000| Untracked 
|  84|0x000000008e000000, 0x000000008e000000, 0x000000008e100000|  0%| F|  |TAMS 0x000000008e000000, 0x000000008e000000| Untracked 
|  85|0x000000008e100000, 0x000000008e200000, 0x000000008e200000|100%| E|  |TAMS 0x000000008e100000, 0x000000008e100000| Complete 
|  86|0x000000008e200000, 0x000000008e300000, 0x000000008e300000|100%| E|CS|TAMS 0x000000008e200000, 0x000000008e200000| Complete 
|  87|0x000000008e300000, 0x000000008e400000, 0x000000008e400000|100%| E|CS|TAMS 0x000000008e300000, 0x000000008e300000| Complete 
|  88|0x000000008e400000, 0x000000008e4953f8, 0x000000008e500000| 58%| S|CS|TAMS 0x000000008e400000, 0x000000008e400000| Complete 
|  89|0x000000008e500000, 0x000000008e600000, 0x000000008e600000|100%| S|CS|TAMS 0x000000008e500000, 0x000000008e500000| Complete 
|  90|0x000000008e600000, 0x000000008e700000, 0x000000008e700000|100%| S|CS|TAMS 0x000000008e600000, 0x000000008e600000| Complete 
|  91|0x000000008e700000, 0x000000008e800000, 0x000000008e800000|100%| S|CS|TAMS 0x000000008e700000, 0x000000008e700000| Complete 
|  92|0x000000008e800000, 0x000000008e900000, 0x000000008e900000|100%| E|CS|TAMS 0x000000008e800000, 0x000000008e800000| Complete 
|  93|0x000000008e900000, 0x000000008ea00000, 0x000000008ea00000|100%| E|CS|TAMS 0x000000008e900000, 0x000000008e900000| Complete 
|  94|0x000000008ea00000, 0x000000008eb00000, 0x000000008eb00000|100%| E|CS|TAMS 0x000000008ea00000, 0x000000008ea00000| Complete 
|  95|0x000000008eb00000, 0x000000008ec00000, 0x000000008ec00000|100%| E|CS|TAMS 0x000000008eb00000, 0x000000008eb00000| Complete 
|  96|0x000000008ec00000, 0x000000008ed00000, 0x000000008ed00000|100%| E|CS|TAMS 0x000000008ec00000, 0x000000008ec00000| Complete 
|  97|0x000000008ed00000, 0x000000008ee00000, 0x000000008ee00000|100%| E|CS|TAMS 0x000000008ed00000, 0x000000008ed00000| Complete 
|  98|0x000000008ee00000, 0x000000008ef00000, 0x000000008ef00000|100%| E|CS|TAMS 0x000000008ee00000, 0x000000008ee00000| Complete 
|  99|0x000000008ef00000, 0x000000008f000000, 0x000000008f000000|100%| E|CS|TAMS 0x000000008ef00000, 0x000000008ef00000| Complete 
| 100|0x000000008f000000, 0x000000008f100000, 0x000000008f100000|100%| E|CS|TAMS 0x000000008f000000, 0x000000008f000000| Complete 
| 101|0x000000008f100000, 0x000000008f200000, 0x000000008f200000|100%| E|CS|TAMS 0x000000008f100000, 0x000000008f100000| Complete 
| 102|0x000000008f200000, 0x000000008f300000, 0x000000008f300000|100%| E|CS|TAMS 0x000000008f200000, 0x000000008f200000| Complete 
| 103|0x000000008f300000, 0x000000008f400000, 0x000000008f400000|100%| E|CS|TAMS 0x000000008f300000, 0x000000008f300000| Complete 
| 104|0x000000008f400000, 0x000000008f500000, 0x000000008f500000|100%| E|CS|TAMS 0x000000008f400000, 0x000000008f400000| Complete 
| 105|0x000000008f500000, 0x000000008f600000, 0x000000008f600000|100%| E|CS|TAMS 0x000000008f500000, 0x000000008f500000| Complete 
| 106|0x000000008f600000, 0x000000008f700000, 0x000000008f700000|100%| E|CS|TAMS 0x000000008f600000, 0x000000008f600000| Complete 
| 107|0x000000008f700000, 0x000000008f800000, 0x000000008f800000|100%| E|CS|TAMS 0x000000008f700000, 0x000000008f700000| Complete 
| 108|0x000000008f800000, 0x000000008f900000, 0x000000008f900000|100%| E|CS|TAMS 0x000000008f800000, 0x000000008f800000| Complete 
| 109|0x000000008f900000, 0x000000008fa00000, 0x000000008fa00000|100%| E|CS|TAMS 0x000000008f900000, 0x000000008f900000| Complete 
| 110|0x000000008fa00000, 0x000000008fb00000, 0x000000008fb00000|100%| E|CS|TAMS 0x000000008fa00000, 0x000000008fa00000| Complete 
| 111|0x000000008fb00000, 0x000000008fc00000, 0x000000008fc00000|100%| E|CS|TAMS 0x000000008fb00000, 0x000000008fb00000| Complete 
| 112|0x000000008fc00000, 0x000000008fd00000, 0x000000008fd00000|100%| E|CS|TAMS 0x000000008fc00000, 0x000000008fc00000| Complete 
| 113|0x000000008fd00000, 0x000000008fe00000, 0x000000008fe00000|100%| E|CS|TAMS 0x000000008fd00000, 0x000000008fd00000| Complete 
| 114|0x000000008fe00000, 0x000000008ff00000, 0x000000008ff00000|100%| E|CS|TAMS 0x000000008fe00000, 0x000000008fe00000| Complete 
| 115|0x000000008ff00000, 0x0000000090000000, 0x0000000090000000|100%| E|CS|TAMS 0x000000008ff00000, 0x000000008ff00000| Complete 
| 116|0x0000000090000000, 0x0000000090100000, 0x0000000090100000|100%| E|CS|TAMS 0x0000000090000000, 0x0000000090000000| Complete 
| 117|0x0000000090100000, 0x0000000090200000, 0x0000000090200000|100%| E|CS|TAMS 0x0000000090100000, 0x0000000090100000| Complete 
| 118|0x0000000090200000, 0x0000000090300000, 0x0000000090300000|100%| E|CS|TAMS 0x0000000090200000, 0x0000000090200000| Complete 
| 119|0x0000000090300000, 0x0000000090400000, 0x0000000090400000|100%| E|CS|TAMS 0x0000000090300000, 0x0000000090300000| Complete 

Card table byte_map: [0x000001a89b7b0000,0x000001a89bb70000] _byte_map_base: 0x000001a89b36a000

Marking Bits (Prev, Next): (CMBitMap*) 0x000001a8827f1390, (CMBitMap*) 0x000001a8827f13d0
 Prev Bits: [0x000001a89bf30000, 0x000001a89dd00000)
 Next Bits: [0x000001a89dd00000, 0x000001a89fad0000)

Polling page: 0x000001a8825f0000

Metaspace:

Usage:
  Non-class:     15.33 MB used.
      Class:      2.08 MB used.
       Both:     17.42 MB used.

Virtual space:
  Non-class space:       16.00 MB reserved,      15.44 MB ( 96%) committed,  2 nodes.
      Class space:        1.00 GB reserved,       2.19 MB ( <1%) committed,  1 nodes.
             Both:        1.02 GB reserved,      17.62 MB (  2%) committed. 

Chunk freelists:
   Non-Class:  416.00 KB
       Class:  1.82 MB
        Both:  2.23 MB

MaxMetaspaceSize: unlimited
CompressedClassSpaceSize: 1.00 GB
Initial GC threshold: 21.00 MB
Current GC threshold: 21.00 MB
CDS: on
MetaspaceReclaimPolicy: balanced
 - commit_granule_bytes: 65536.
 - commit_granule_words: 8192.
 - virtual_space_node_default_size: 1048576.
 - enlarge_chunks_in_place: 1.
 - new_chunks_are_fully_committed: 0.
 - uncommit_free_chunks: 1.
 - use_allocation_guard: 0.
 - handle_deallocations: 1.


Internal statistics:

num_allocs_failed_limit: 0.
num_arena_births: 134.
num_arena_deaths: 0.
num_vsnodes_births: 3.
num_vsnodes_deaths: 0.
num_space_committed: 282.
num_space_uncommitted: 0.
num_chunks_returned_to_freelist: 0.
num_chunks_taken_from_freelist: 516.
num_chunk_merges: 0.
num_chunk_splits: 366.
num_chunks_enlarged: 287.
num_purges: 0.
num_inconsistent_stats: 0.

CodeHeap 'non-profiled nmethods': size=120000Kb used=844Kb max_used=844Kb free=119155Kb
 bounds [0x000001a893230000, 0x000001a8934a0000, 0x000001a89a760000]
CodeHeap 'profiled nmethods': size=120000Kb used=3805Kb max_used=3805Kb free=116194Kb
 bounds [0x000001a88bd00000, 0x000001a88c0c0000, 0x000001a893230000]
CodeHeap 'non-nmethods': size=5760Kb used=1252Kb max_used=1270Kb free=4507Kb
 bounds [0x000001a88b760000, 0x000001a88b9d0000, 0x000001a88bd00000]
 total_blobs=2511 nmethods=1956 adapters=467
 compilation: enabled
              stopped_count=0, restarted_count=0
 full_count=0

Compilation events (20 events):
Event: 3.229 Thread 0x000001a8a2794fe0 nmethod 1933 0x000001a88c0a4210 code [0x000001a88c0a4840, 0x000001a88c0a7e28]
Event: 3.229 Thread 0x000001a8a2794fe0 1936       3       jdk.internal.org.objectweb.asm.Type::getTypeInternal (199 bytes)
Event: 3.231 Thread 0x000001a8a2794fe0 nmethod 1936 0x000001a88c0a8f90 code [0x000001a88c0a9240, 0x000001a88c0aa108]
Event: 3.231 Thread 0x000001a8a2794fe0 1937       3       java.lang.String::replace (42 bytes)
Event: 3.231 Thread 0x000001a8a2794fe0 nmethod 1937 0x000001a88c0aa510 code [0x000001a88c0aa6e0, 0x000001a88c0aaa18]
Event: 3.259 Thread 0x000001a8a2794fe0 1939       3       java.lang.invoke.DirectMethodHandle::<init> (148 bytes)
Event: 3.260 Thread 0x000001a8a2794fe0 nmethod 1939 0x000001a88c0aab10 code [0x000001a88c0aadc0, 0x000001a88c0abd08]
Event: 3.266 Thread 0x000001a8a2794fe0 1940       3       jdk.internal.org.objectweb.asm.MethodWriter::visitCode (1 bytes)
Event: 3.266 Thread 0x000001a8a2794fe0 nmethod 1940 0x000001a88c0ac210 code [0x000001a88c0ac3a0, 0x000001a88c0ac4b8]
Event: 3.266 Thread 0x000001a8a2794fe0 1941       3       jdk.internal.org.objectweb.asm.ClassReader::<init> (371 bytes)
Event: 3.268 Thread 0x000001a8a2794fe0 nmethod 1941 0x000001a88c0ac590 code [0x000001a88c0ac880, 0x000001a88c0adc18]
Event: 3.272 Thread 0x000001a8a2794fe0 1942       3       java.lang.invoke.MethodHandleNatives::isCallerSensitive (29 bytes)
Event: 3.272 Thread 0x000001a8a2793620 1944       4       jdk.internal.org.objectweb.asm.SymbolTable::addConstantUtf8 (98 bytes)
Event: 3.272 Thread 0x000001a8a2794fe0 nmethod 1942 0x000001a88c0ae190 code [0x000001a88c0ae380, 0x000001a88c0ae908]
Event: 3.273 Thread 0x000001a8a2794fe0 1943       3       java.lang.invoke.MethodHandleNatives::canBeCalledVirtual (50 bytes)
Event: 3.273 Thread 0x000001a8a2794fe0 nmethod 1943 0x000001a88c0aeb10 code [0x000001a88c0aed00, 0x000001a88c0af1c8]
Event: 3.273 Thread 0x000001a8a2794fe0 1946       3       java.util.logging.LogManager::getProperty (9 bytes)
Event: 3.273 Thread 0x000001a8a2794fe0 nmethod 1946 0x000001a88c0af390 code [0x000001a88c0af540, 0x000001a88c0af708]
Event: 3.273 Thread 0x000001a8a2794fe0 1945       3       jdk.internal.misc.VM::isSystemDomainLoader (17 bytes)
Event: 3.275 Thread 0x000001a8a2794fe0 nmethod 1945 0x000001a88c0af810 code [0x000001a88c0afa60, 0x000001a88c0b0558]

GC Heap History (4 events):
Event: 0.784 GC heap before
{Heap before GC invocations=0 (full 0):
 garbage-first heap   total 122880K, used 23552K [0x0000000088c00000, 0x0000000100000000)
  region size 1024K, 23 young (23552K), 0 survivors (0K)
 Metaspace       used 4058K, committed 4224K, reserved 1056768K
  class space    used 406K, committed 512K, reserved 1048576K
}
Event: 0.794 GC heap after
{Heap after GC invocations=1 (full 0):
 garbage-first heap   total 122880K, used 8684K [0x0000000088c00000, 0x0000000100000000)
  region size 1024K, 3 young (3072K), 3 survivors (3072K)
 Metaspace       used 4058K, committed 4224K, reserved 1056768K
  class space    used 406K, committed 512K, reserved 1048576K
}
Event: 1.848 GC heap before
{Heap before GC invocations=1 (full 0):
 garbage-first heap   total 122880K, used 33260K [0x0000000088c00000, 0x0000000100000000)
  region size 1024K, 28 young (28672K), 3 survivors (3072K)
 Metaspace       used 8569K, committed 8704K, reserved 1064960K
  class space    used 959K, committed 1024K, reserved 1048576K
}
Event: 1.861 GC heap after
{Heap after GC invocations=2 (full 0):
 garbage-first heap   total 122880K, used 12043K [0x0000000088c00000, 0x0000000100000000)
  region size 1024K, 4 young (4096K), 4 survivors (4096K)
 Metaspace       used 8569K, committed 8704K, reserved 1064960K
  class space    used 959K, committed 1024K, reserved 1048576K
}

Deoptimization events (20 events):
Event: 2.577 Thread 0x000001a8827b2840 Uncommon trap: trap_request=0xffffffde fr.pc=0x000001a8932c0cb4 relative=0x0000000000000294
Event: 2.577 Thread 0x000001a8827b2840 Uncommon trap: reason=class_check action=maybe_recompile pc=0x000001a8932c0cb4 method=java.util.regex.Matcher.search(I)Z @ 121 c2
Event: 2.577 Thread 0x000001a8827b2840 DEOPT PACKING pc=0x000001a8932c0cb4 sp=0x000000a7329fd4e0
Event: 2.577 Thread 0x000001a8827b2840 DEOPT UNPACKING pc=0x000001a88b7b23a3 sp=0x000000a7329fd470 mode 2
Event: 2.577 Thread 0x000001a8827b2840 Uncommon trap: trap_request=0xffffffde fr.pc=0x000001a8932c0cb4 relative=0x0000000000000294
Event: 2.577 Thread 0x000001a8827b2840 Uncommon trap: reason=class_check action=maybe_recompile pc=0x000001a8932c0cb4 method=java.util.regex.Matcher.search(I)Z @ 121 c2
Event: 2.577 Thread 0x000001a8827b2840 DEOPT PACKING pc=0x000001a8932c0cb4 sp=0x000000a7329fd4e0
Event: 2.577 Thread 0x000001a8827b2840 DEOPT UNPACKING pc=0x000001a88b7b23a3 sp=0x000000a7329fd470 mode 2
Event: 2.577 Thread 0x000001a8827b2840 Uncommon trap: trap_request=0xffffffde fr.pc=0x000001a8932c0cb4 relative=0x0000000000000294
Event: 2.577 Thread 0x000001a8827b2840 Uncommon trap: reason=class_check action=maybe_recompile pc=0x000001a8932c0cb4 method=java.util.regex.Matcher.search(I)Z @ 121 c2
Event: 2.578 Thread 0x000001a8827b2840 DEOPT PACKING pc=0x000001a8932c0cb4 sp=0x000000a7329fd4e0
Event: 2.578 Thread 0x000001a8827b2840 DEOPT UNPACKING pc=0x000001a88b7b23a3 sp=0x000000a7329fd470 mode 2
Event: 3.167 Thread 0x000001a8827b2840 Uncommon trap: trap_request=0xffffffde fr.pc=0x000001a8932c0cb4 relative=0x0000000000000294
Event: 3.167 Thread 0x000001a8827b2840 Uncommon trap: reason=class_check action=maybe_recompile pc=0x000001a8932c0cb4 method=java.util.regex.Matcher.search(I)Z @ 121 c2
Event: 3.167 Thread 0x000001a8827b2840 DEOPT PACKING pc=0x000001a8932c0cb4 sp=0x000000a7329fdf60
Event: 3.167 Thread 0x000001a8827b2840 DEOPT UNPACKING pc=0x000001a88b7b23a3 sp=0x000000a7329fdef0 mode 2
Event: 3.193 Thread 0x000001a8827b2840 Uncommon trap: trap_request=0xffffff45 fr.pc=0x000001a8932cf7a0 relative=0x0000000000000580
Event: 3.193 Thread 0x000001a8827b2840 Uncommon trap: reason=unstable_if action=reinterpret pc=0x000001a8932cf7a0 method=java.lang.String.replace(CC)Ljava/lang/String; @ 2 c2
Event: 3.193 Thread 0x000001a8827b2840 DEOPT PACKING pc=0x000001a8932cf7a0 sp=0x000000a7329feb40
Event: 3.193 Thread 0x000001a8827b2840 DEOPT UNPACKING pc=0x000001a88b7b23a3 sp=0x000000a7329feaf0 mode 2

Classes unloaded (0 events):
No events

Classes redefined (0 events):
No events

Internal exceptions (20 events):
Event: 2.031 Thread 0x000001a8827b2840 Exception <a 'java/lang/ArrayIndexOutOfBoundsException'{0x000000008ffac210}: Index 1 out of bounds for length 1> (0x000000008ffac210) 
thrown [t:\workspace\open\src\hotspot\share\interpreter\interpreterRuntime.cpp, line 428]
Event: 2.298 Thread 0x000001a8827b2840 Exception <a 'java/lang/ArrayIndexOutOfBoundsException'{0x000000008f789a28}: Index 1 out of bounds for length 1> (0x000000008f789a28) 
thrown [t:\workspace\open\src\hotspot\share\interpreter\interpreterRuntime.cpp, line 428]
Event: 2.313 Thread 0x000001a8827b2840 Exception <a 'java/lang/NoSuchMethodError'{0x000000008f7a8cf0}: 'java.lang.Object java.lang.invoke.Invokers$Holder.invokeExact_MT(java.lang.Object, java.lang.Object, java.lang.Object, java.lang.Object, java.lang.Object, java.lang.Object)'> (0x000000008f7a8cf0) 
thrown [t:\workspace\open\src\hotspot\share\interpreter\linkResolver.cpp, line 766]
Event: 2.349 Thread 0x000001a8827b2840 Exception <a 'java/lang/NoSuchMethodError'{0x000000008f7e7ee8}: 'int java.lang.invoke.DirectMethodHandle$Holder.invokeInterface(java.lang.Object, java.lang.Object)'> (0x000000008f7e7ee8) 
thrown [t:\workspace\open\src\hotspot\share\interpreter\linkResolver.cpp, line 766]
Event: 2.350 Thread 0x000001a8827b2840 Exception <a 'java/lang/IncompatibleClassChangeError'{0x000000008f7eb478}: Found class java.lang.Object, but interface was expected> (0x000000008f7eb478) 
thrown [t:\workspace\open\src\hotspot\share\interpreter\linkResolver.cpp, line 833]
Event: 2.477 Thread 0x000001a8827b2840 Exception <a 'java/lang/NoSuchMethodError'{0x000000008f55dd90}: 'void java.lang.invoke.DirectMethodHandle$Holder.invokeStatic(java.lang.Object, java.lang.Object, java.lang.Object)'> (0x000000008f55dd90) 
thrown [t:\workspace\open\src\hotspot\share\interpreter\linkResolver.cpp, line 766]
Event: 3.114 Thread 0x000001a8827b2840 Exception <a 'java/lang/NoSuchMethodError'{0x000000008ea92650}: 'java.lang.Object java.lang.invoke.DirectMethodHandle$Holder.invokeSpecialIFC(java.lang.Object, java.lang.Object, java.lang.Object, java.lang.Object)'> (0x000000008ea92650) 
thrown [t:\workspace\open\src\hotspot\share\interpreter\linkResolver.cpp, line 766]
Event: 3.152 Thread 0x000001a8827b2840 Exception <a 'java/lang/NoSuchMethodError'{0x000000008e968670}: 'java.lang.Object java.lang.invoke.DirectMethodHandle$Holder.invokeInterface(java.lang.Object, java.lang.Object, java.lang.Object, java.lang.Object)'> (0x000000008e968670) 
thrown [t:\workspace\open\src\hotspot\share\interpreter\linkResolver.cpp, line 766]
Event: 3.157 Thread 0x000001a8827b2840 Exception <a 'java/lang/NoSuchMethodError'{0x000000008e974938}: 'void java.lang.invoke.DirectMethodHandle$Holder.invokeInterface(java.lang.Object, java.lang.Object, java.lang.Object)'> (0x000000008e974938) 
thrown [t:\workspace\open\src\hotspot\share\interpreter\linkResolver.cpp, line 766]
Event: 3.163 Thread 0x000001a8827b2840 Exception <a 'java/lang/NoSuchMethodError'{0x000000008e988938}: 'java.lang.Object java.lang.invoke.DirectMethodHandle$Holder.invokeInterface(java.lang.Object, java.lang.Object, java.lang.Object)'> (0x000000008e988938) 
thrown [t:\workspace\open\src\hotspot\share\interpreter\linkResolver.cpp, line 766]
Event: 3.163 Thread 0x000001a8827b2840 Exception <a 'java/lang/IncompatibleClassChangeError'{0x000000008e98c000}: Found class java.lang.Object, but interface was expected> (0x000000008e98c000) 
thrown [t:\workspace\open\src\hotspot\share\interpreter\linkResolver.cpp, line 833]
Event: 3.166 Thread 0x000001a8827b2840 Exception <a 'java/lang/NoSuchMethodError'{0x000000008e994460}: 'int java.lang.invoke.DirectMethodHandle$Holder.invokeSpecialIFC(java.lang.Object, java.lang.Object, java.lang.Object, java.lang.Object)'> (0x000000008e994460) 
thrown [t:\workspace\open\src\hotspot\share\interpreter\linkResolver.cpp, line 766]
Event: 3.224 Thread 0x000001a8a4dd9040 Exception <a 'java/lang/NoSuchMethodError'{0x000000008e893930}: 'void java.lang.invoke.DirectMethodHandle$Holder.invokeStatic(java.lang.Object, long)'> (0x000000008e893930) 
thrown [t:\workspace\open\src\hotspot\share\interpreter\linkResolver.cpp, line 766]
Event: 3.225 Thread 0x000001a8a4dd9040 Exception <a 'java/lang/NoSuchMethodError'{0x000000008e898cd8}: 'java.lang.Object java.lang.invoke.DirectMethodHandle$Holder.newInvokeSpecial(java.lang.Object, long)'> (0x000000008e898cd8) 
thrown [t:\workspace\open\src\hotspot\share\interpreter\linkResolver.cpp, line 766]
Event: 3.228 Thread 0x000001a8a4dd9040 Exception <a 'java/lang/NoSuchMethodError'{0x000000008e89f7b8}: 'java.lang.Object java.lang.invoke.DirectMethodHandle$Holder.invokeStatic(java.lang.Object, java.lang.Object, long, java.lang.Object)'> (0x000000008e89f7b8) 
thrown [t:\workspace\open\src\hotspot\share\interpreter\linkResolver.cpp, line 766]
Event: 3.229 Thread 0x000001a8a4dd9040 Exception <a 'java/lang/NoSuchMethodError'{0x000000008e8a2fa8}: 'java.lang.Object java.lang.invoke.DirectMethodHandle$Holder.invokeStaticInit(java.lang.Object, java.lang.Object, long, java.lang.Object)'> (0x000000008e8a2fa8) 
thrown [t:\workspace\open\src\hotspot\share\interpreter\linkResolver.cpp, line 766]
Event: 3.230 Thread 0x000001a8a4dd9040 Exception <a 'java/lang/NoSuchMethodError'{0x000000008e8a9030}: 'java.lang.Object java.lang.invoke.DirectMethodHandle$Holder.newInvokeSpecial(java.lang.Object, java.lang.Object, long)'> (0x000000008e8a9030) 
thrown [t:\workspace\open\src\hotspot\share\interpreter\linkResolver.cpp, line 766]
Event: 3.231 Thread 0x000001a8a4dd9040 Exception <a 'java/lang/NoSuchMethodError'{0x000000008e8acba0}: 'java.lang.Object java.lang.invoke.Invokers$Holder.linkToTargetMethod(java.lang.Object, long, java.lang.Object)'> (0x000000008e8acba0) 
thrown [t:\workspace\open\src\hotspot\share\interpreter\linkResolver.cpp, line 766]
Event: 3.278 Thread 0x000001a8a4c37a90 Exception <a 'java/net/ConnectException'{0x000000008e207f18}: Connection refused: no further information> (0x000000008e207f18) 
thrown [t:\workspace\open\src\hotspot\share\prims\jni.cpp, line 535]
Event: 3.278 Thread 0x000001a8a4c37a90 Exception <a 'java/net/SocketException'{0x000000008e208250}: Socket is not connected: shutdown> (0x000000008e208250) 
thrown [t:\workspace\open\src\hotspot\share\prims\jni.cpp, line 535]

VM Operations (20 events):
Event: 0.433 Executing VM operation: HandshakeAllThreads
Event: 0.433 Executing VM operation: HandshakeAllThreads done
Event: 0.532 Executing VM operation: HandshakeAllThreads
Event: 0.532 Executing VM operation: HandshakeAllThreads done
Event: 0.540 Executing VM operation: HandshakeAllThreads
Event: 0.540 Executing VM operation: HandshakeAllThreads done
Event: 0.784 Executing VM operation: G1CollectForAllocation
Event: 0.794 Executing VM operation: G1CollectForAllocation done
Event: 0.828 Executing VM operation: HandshakeAllThreads
Event: 0.828 Executing VM operation: HandshakeAllThreads done
Event: 1.243 Executing VM operation: HandshakeAllThreads
Event: 1.243 Executing VM operation: HandshakeAllThreads done
Event: 1.437 Executing VM operation: ICBufferFull
Event: 1.438 Executing VM operation: ICBufferFull done
Event: 1.768 Executing VM operation: HandshakeAllThreads
Event: 1.768 Executing VM operation: HandshakeAllThreads done
Event: 1.848 Executing VM operation: G1CollectForAllocation
Event: 1.861 Executing VM operation: G1CollectForAllocation done
Event: 2.360 Executing VM operation: HandshakeAllThreads
Event: 2.360 Executing VM operation: HandshakeAllThreads done

Events (20 events):
Event: 3.275 loading class sun/net/spi/DefaultProxySelector$NonProxyInfo
Event: 3.275 loading class sun/net/spi/DefaultProxySelector$NonProxyInfo done
Event: 3.275 loading class sun/net/spi/DefaultProxySelector$3
Event: 3.275 loading class sun/net/spi/DefaultProxySelector$3 done
Event: 3.275 loading class sun/net/www/http/HttpClient
Event: 3.275 loading class sun/net/NetworkClient
Event: 3.276 loading class sun/net/NetworkClient done
Event: 3.276 loading class sun/net/www/http/HttpClient done
Event: 3.276 loading class sun/net/NetworkClient$1
Event: 3.276 loading class sun/net/NetworkClient$1 done
Event: 3.276 loading class sun/net/www/http/KeepAliveCache
Event: 3.276 loading class sun/net/www/http/KeepAliveCache done
Event: 3.277 loading class sun/net/www/http/KeepAliveKey
Event: 3.277 loading class sun/net/www/http/KeepAliveKey done
Event: 3.277 loading class sun/net/www/http/HttpCapture
Event: 3.277 loading class sun/net/www/http/HttpCapture done
Event: 3.277 loading class sun/net/www/http/HttpCapture$1
Event: 3.277 loading class sun/net/www/http/HttpCapture$1 done
Event: 3.279 loading class sun/net/util/SocketExceptions
Event: 3.279 loading class sun/net/util/SocketExceptions done


Dynamic libraries:
0x00007ff7ad3c0000 - 0x00007ff7ad3d0000 	C:\Program Files\Java\jdk-17\bin\javaw.exe
0x00007fffb8430000 - 0x00007fffb8628000 	C:\windows\SYSTEM32\ntdll.dll
0x00007fffafe50000 - 0x00007fffafe69000 	C:\Program Files\Avast Software\Avast\aswhook.dll
0x00007fffb7420000 - 0x00007fffb74df000 	C:\windows\System32\KERNEL32.DLL
0x00007fffb6190000 - 0x00007fffb6486000 	C:\windows\System32\KERNELBASE.dll
0x00007fffb2b80000 - 0x00007fffb2c11000 	C:\windows\SYSTEM32\apphelp.dll
0x00007fffb6090000 - 0x00007fffb6190000 	C:\windows\System32\ucrtbase.dll
0x00007fff8cff0000 - 0x00007fff8d00a000 	C:\Program Files\Java\jdk-17\bin\VCRUNTIME140.dll
0x00007fff8d010000 - 0x00007fff8d028000 	C:\Program Files\Java\jdk-17\bin\jli.dll
0x00007fffb6be0000 - 0x00007fffb6c8f000 	C:\windows\System32\ADVAPI32.dll
0x00007fffb82f0000 - 0x00007fffb838e000 	C:\windows\System32\msvcrt.dll
0x00007fffb7270000 - 0x00007fffb730c000 	C:\windows\System32\sechost.dll
0x00007fffb6ee0000 - 0x00007fffb7006000 	C:\windows\System32\RPCRT4.dll
0x00007fffb70d0000 - 0x00007fffb726d000 	C:\windows\System32\USER32.dll
0x00007fffac4e0000 - 0x00007fffac77a000 	C:\windows\WinSxS\amd64_microsoft.windows.common-controls_6595b64144ccf1df_6.0.19041.1110_none_60b5254171f9507e\COMCTL32.dll
0x00007fffb5b10000 - 0x00007fffb5b32000 	C:\windows\System32\win32u.dll
0x00007fffb6c90000 - 0x00007fffb6cbc000 	C:\windows\System32\GDI32.dll
0x00007fffb5d50000 - 0x00007fffb5e65000 	C:\windows\System32\gdi32full.dll
0x00007fffb5b40000 - 0x00007fffb5bdd000 	C:\windows\System32\msvcp_win.dll
0x00007fffabe80000 - 0x00007fffabe8a000 	C:\windows\SYSTEM32\VERSION.dll
0x00007fffb8190000 - 0x00007fffb81c0000 	C:\windows\System32\IMM32.DLL
0x00007fff8cfe0000 - 0x00007fff8cfec000 	C:\Program Files\Java\jdk-17\bin\vcruntime140_1.dll
0x00007fff8cd90000 - 0x00007fff8ce1d000 	C:\Program Files\Java\jdk-17\bin\msvcp140.dll
0x00007fff8c1d0000 - 0x00007fff8cd8e000 	C:\Program Files\Java\jdk-17\bin\server\jvm.dll
0x00007fffb7390000 - 0x00007fffb7398000 	C:\windows\System32\PSAPI.DLL
0x00007fffa44a0000 - 0x00007fffa44c7000 	C:\windows\SYSTEM32\WINMM.dll
0x00007fffa9b80000 - 0x00007fffa9b89000 	C:\windows\SYSTEM32\WSOCK32.dll
0x00007fffb73b0000 - 0x00007fffb741b000 	C:\windows\System32\WS2_32.dll
0x00007fffb4320000 - 0x00007fffb4332000 	C:\windows\SYSTEM32\kernel.appcore.dll
0x00007fff8cfd0000 - 0x00007fff8cfda000 	C:\Program Files\Java\jdk-17\bin\jimage.dll
0x00007fffb40f0000 - 0x00007fffb42d4000 	C:\windows\SYSTEM32\DBGHELP.DLL
0x00007fffabe40000 - 0x00007fffabe74000 	C:\windows\SYSTEM32\dbgcore.DLL
0x00007fffb5be0000 - 0x00007fffb5c62000 	C:\windows\System32\bcryptPrimitives.dll
0x00007fff8c1a0000 - 0x00007fff8c1c5000 	C:\Program Files\Java\jdk-17\bin\java.dll
0x00007fff88280000 - 0x00007fff88356000 	C:\Program Files\Java\jdk-17\bin\svml.dll
0x00007fffb6490000 - 0x00007fffb6bd4000 	C:\windows\System32\SHELL32.dll
0x00007fffb3950000 - 0x00007fffb40e3000 	C:\windows\SYSTEM32\windows.storage.dll
0x00007fffb7e30000 - 0x00007fffb8184000 	C:\windows\System32\combase.dll
0x00007fffb54f0000 - 0x00007fffb551e000 	C:\windows\SYSTEM32\Wldp.dll
0x00007fffb74e0000 - 0x00007fffb758d000 	C:\windows\System32\SHCORE.dll
0x00007fffb7d70000 - 0x00007fffb7dc5000 	C:\windows\System32\shlwapi.dll
0x00007fffb5a50000 - 0x00007fffb5a6f000 	C:\windows\SYSTEM32\profapi.dll
0x00007fff86a70000 - 0x00007fff86a89000 	C:\Program Files\Java\jdk-17\bin\net.dll
0x00007fffb03a0000 - 0x00007fffb04aa000 	C:\windows\SYSTEM32\WINHTTP.dll
0x00007fffb5250000 - 0x00007fffb52ba000 	C:\windows\system32\mswsock.dll
0x00007fff86a50000 - 0x00007fff86a65000 	C:\Program Files\Java\jdk-17\bin\nio.dll
0x00007fff867c0000 - 0x00007fff867d8000 	C:\Program Files\Java\jdk-17\bin\zip.dll
0x00007fffa48c0000 - 0x00007fffa48d0000 	C:\Program Files\Java\jdk-17\bin\verify.dll
0x00007fffb5450000 - 0x00007fffb5468000 	C:\windows\SYSTEM32\CRYPTSP.dll
0x00007fffb4b50000 - 0x00007fffb4b84000 	C:\windows\system32\rsaenh.dll
0x00007fffb5c70000 - 0x00007fffb5c97000 	C:\windows\System32\bcrypt.dll
0x00007fffb59d0000 - 0x00007fffb59fe000 	C:\windows\SYSTEM32\USERENV.dll
0x00007fffb5440000 - 0x00007fffb544c000 	C:\windows\SYSTEM32\CRYPTBASE.dll
0x00007fffb4f40000 - 0x00007fffb4f7c000 	C:\windows\SYSTEM32\IPHLPAPI.DLL
0x00007fffb70c0000 - 0x00007fffb70c8000 	C:\windows\System32\NSI.dll
0x00007fffae0f0000 - 0x00007fffae107000 	C:\windows\SYSTEM32\dhcpcsvc6.DLL
0x00007fffaecd0000 - 0x00007fffaeced000 	C:\windows\SYSTEM32\dhcpcsvc.DLL
0x00007fffb4f80000 - 0x00007fffb504a000 	C:\windows\SYSTEM32\DNSAPI.dll
0x00007fffae0c0000 - 0x00007fffae0ca000 	C:\Windows\System32\rasadhlp.dll
0x00007fffad2d0000 - 0x00007fffad352000 	C:\windows\System32\fwpuclnt.dll
0x00007fffa45c0000 - 0x00007fffa45c9000 	C:\Program Files\Java\jdk-17\bin\management.dll
0x00007fffa45b0000 - 0x00007fffa45bb000 	C:\Program Files\Java\jdk-17\bin\management_ext.dll
0x00007fff94480000 - 0x00007fff94497000 	C:\windows\system32\napinsp.dll
0x00007fff944a0000 - 0x00007fff944bb000 	C:\windows\system32\pnrpnsp.dll
0x00007fffb06b0000 - 0x00007fffb06c5000 	C:\windows\system32\wshbth.dll
0x00007fffb04b0000 - 0x00007fffb04cd000 	C:\windows\system32\NLAapi.dll
0x00007fff94460000 - 0x00007fff94472000 	C:\windows\System32\winrnr.dll
0x00007fffa48b0000 - 0x00007fffa48be000 	C:\Program Files\Java\jdk-17\bin\sunmscapi.dll
0x00007fffb5e70000 - 0x00007fffb5fce000 	C:\windows\System32\CRYPT32.dll
0x00007fffb5560000 - 0x00007fffb5588000 	C:\windows\SYSTEM32\ncrypt.dll
0x00007fffb5520000 - 0x00007fffb555b000 	C:\windows\SYSTEM32\NTASN1.dll
0x00007fffa45d0000 - 0x00007fffa45d7000 	C:\windows\system32\wshunix.dll

dbghelp: loaded successfully - version: 4.0.5 - missing functions: none
symbol engine: initialized successfully - sym options: 0x614 - pdb path: .;C:\Program Files\Java\jdk-17\bin;C:\windows\SYSTEM32;C:\Program Files\Avast Software\Avast;C:\windows\WinSxS\amd64_microsoft.windows.common-controls_6595b64144ccf1df_6.0.19041.1110_none_60b5254171f9507e;C:\Program Files\Java\jdk-17\bin\server

VM Arguments:
jvm_args: -Dfile.encoding=UTF-8 -XX:+ShowCodeDetailsInExceptionMessages 
java_command: rough.Test
java_class_path (initial): C:\Users\sital\eclipse-workspace\Practice1\target\classes;C:\Users\sital\.m2\repository\junit\junit\4.11\junit-4.11.jar;C:\Users\sital\.m2\repository\org\hamcrest\hamcrest-core\1.3\hamcrest-core-1.3.jar;C:\Users\sital\.eclipse\org.eclipse.platform_4.23.0_1709980481_win32_win32_x86_64\plugins\org.testng_7.8.0.r202306071539.jar;C:\Users\sital\.eclipse\org.eclipse.platform_4.23.0_1709980481_win32_win32_x86_64\plugins\com.beust.jcommander_1.82.0.jar;C:\Users\sital\.eclipse\org.eclipse.platform_4.23.0_1709980481_win32_win32_x86_64\plugins\org.apache-extras.beanshell.bsh_2.0.0.b6.jar;C:\Users\sital\.eclipse\org.eclipse.platform_4.23.0_1709980481_win32_win32_x86_64\plugins\org.yaml.snakeyaml_1.21.0.jar;C:\Users\sital\.eclipse\org.eclipse.platform_4.23.0_1709980481_win32_win32_x86_64\plugins\org.webjars.jquery_3.6.1.jar;C:\Users\sital\.m2\repository\log4j\log4j\1.2.17\log4j-1.2.17.jar;C:\Users\sital\.m2\repository\org\apache\logging\log4j\log4j-core\2.11.1\log4j-core-2.11.1.jar;C:\Users\sital\.m2\repository\org\apache\logging\log4j\log4j-api\2.11.1\log4j-api-2.11.1.jar;C:\Users\sital\.m2\repository\com\aventstack\extentreports\5.0.9\extentreports-5.0.9.jar;C:\Users\sital\.m2\repository\io\reactivex\rxjava3\rxjava\3.0.4\rxjava-3.0.4.jar;C:\Users\sital\.m2\repository\org\reactivestreams\reactive-streams\1.0.3\reactive-streams-1.0.3.jar;C:\Users\sital\.m2\repository\org\freemarker\freemarker\2.3.30\freemarker-2.3.30.jar;C:\Users\sital\.m2\repository\org\projectlombok\lombok\1.18.12\lombok-1.18.12.jar;C:\Users\sital\.m2\repository\com\google\code\gson\gson\2.8.6\gson-2.8.6.jar;C:\Users\sital\.m2\repository\javax\mail\javax.mail-api\1.5.5\javax.mail-api-1.5.5.jar;C:\Users\sital\.m2\repository\org\seleniumhq\selenium\selenium-java\4.8.2\selenium-java-4.8.2.jar;C:\Users\sital\.m2\repository\org\seleniumhq\selenium\selenium-api\4.8.2\selenium-api-4.8.2.jar;C:\Users\sital\.m2\repository\org\seleniumhq\selenium\selenium-chrome-driver\4.8.2\selenium-chrome
Launcher Type: SUN_STANDARD

[Global flags]
     intx CICompilerCount                          = 4                                         {product} {ergonomic}
     uint ConcGCThreads                            = 3                                         {product} {ergonomic}
     uint G1ConcRefinementThreads                  = 10                                        {product} {ergonomic}
   size_t G1HeapRegionSize                         = 1048576                                   {product} {ergonomic}
    uintx GCDrainStackTargetSize                   = 64                                        {product} {ergonomic}
   size_t InitialHeapSize                          = 125829120                                 {product} {ergonomic}
   size_t MarkStackSize                            = 4194304                                   {product} {ergonomic}
   size_t MaxHeapSize                              = 2000683008                                {product} {ergonomic}
   size_t MaxNewSize                               = 1199570944                                {product} {ergonomic}
   size_t MinHeapDeltaBytes                        = 1048576                                   {product} {ergonomic}
   size_t MinHeapSize                              = 8388608                                   {product} {ergonomic}
    uintx NonNMethodCodeHeapSize                   = 5839372                                {pd product} {ergonomic}
    uintx NonProfiledCodeHeapSize                  = 122909434                              {pd product} {ergonomic}
    uintx ProfiledCodeHeapSize                     = 122909434                              {pd product} {ergonomic}
    uintx ReservedCodeCacheSize                    = 251658240                              {pd product} {ergonomic}
     bool SegmentedCodeCache                       = true                                      {product} {ergonomic}
     bool ShowCodeDetailsInExceptionMessages       = true                                   {manageable} {command line}
   size_t SoftMaxHeapSize                          = 2000683008                             {manageable} {ergonomic}
     bool UseCompressedClassPointers               = true                           {product lp64_product} {ergonomic}
     bool UseCompressedOops                        = true                           {product lp64_product} {ergonomic}
     bool UseG1GC                                  = true                                      {product} {ergonomic}
     bool UseLargePagesIndividualAllocation        = false                                  {pd product} {ergonomic}

Logging:
Log output configuration:
 #0: stdout all=warning uptime,level,tags
 #1: stderr all=off uptime,level,tags

Environment Variables:
JAVA_HOME=C:\Program Files\Java\jdk-17
PATH=C:/Program Files/eclipse//plugins/org.eclipse.justj.openjdk.hotspot.jre.full.win32.x86_64_17.0.2.v20220201-1208/jre/bin/server;C:/Program Files/eclipse//plugins/org.eclipse.justj.openjdk.hotspot.jre.full.win32.x86_64_17.0.2.v20220201-1208/jre/bin;C:\app\sital\product\21c\dbhomeXE\bin;C:\Program Files\Common Files\Oracle\Java\javapath;C:\Program Files (x86)\Common Files\Oracle\Java\javapath;C:\windows\system32;C:\windows;C:\windows\System32\Wbem;C:\windows\System32\WindowsPowerShell\v1.0\;C:\windows\System32\OpenSSH\;C:\Program Files\Java\jdk-17\jdk-17\bin\bin;C:\Program Files\apache-maven-3.8.5-bin\apache-maven-3.8.5\bin;C:\Users\sital\AppData\Roaming\Microsoft\Windows\Start Menu\Programs\Visual Studio Code\node.js;C:\Users\sital\AppData\Roaming\Microsoft\Windows\Start Menu\Programs\Visual Studio Code\;C:\ProgramData\chocolatey\bin;C:\Program Files\Git\cmd;C:\Program Files\nodejs\;C:\Users\sital\AppData\Local\Programs\Python\Python311\Scripts\;C:\Users\sital\AppData\Local\Programs\Python\Python311\;C:\Program Files\MySQL\MySQL Shell 8.0\bin\;C:\Users\sital\AppData\Local\Microsoft\WindowsApps;"C:\Users\sital\AppData\Local\Microsoft\WindowsApps;C:\Users\sital\AppData\Local\Programs\Microsoft VS Code\nodejs;";C:\Users\sital\AppData\Roaming\npm;C:\Users\sital\AppData\Local\Programs\Microsoft VS Code\bin;C:\Users\sital\AppData\Local\Programs\Python\Python311\Scripts;C:\Users\sital\AppData\Local\Programs\Python\Python311\;;C:\Program Files\eclipse;
USERNAME=sital
OS=Windows_NT
PROCESSOR_IDENTIFIER=AMD64 Family 23 Model 96 Stepping 1, AuthenticAMD



---------------  S Y S T E M  ---------------

OS:
 Windows 10 , 64 bit Build 19041 (10.0.19041.3031)
OS uptime: 11 days 2:47 hours
Hyper-V role detected

CPU: total 12 (initial active 12) (12 cores per cpu, 2 threads per core) family 23 model 96 stepping 1 microcode 0x0, cx8, cmov, fxsr, ht, mmx, 3dnowpref, sse, sse2, sse3, ssse3, sse4a, sse4.1, sse4.2, popcnt, lzcnt, tsc, tscinvbit, avx, avx2, aes, clmul, bmi1, bmi2, adx, sha, fma, vzeroupper, clflush, clflushopt, hv

Memory: 4k page, system-wide physical 7631M (425M free)
TotalPageFile size 31183M (AvailPageFile size 9M)
current process WorkingSet (physical memory assigned to process): 119M, peak: 119M
current process commit charge ("private bytes"): 247M, peak: 247M

vm_info: Java HotSpot(TM) 64-Bit Server VM (17+35-LTS-2724) for windows-amd64 JRE (17+35-LTS-2724), built on Aug  5 2021 23:28:28 by "mach5one" with MS VC++ 16.8 (VS2019)

END.
